<?xml version="1.0" encoding="UTF-8"?>
<!-- Generated by org.testng.reporters.JUnitReportReporter -->
<testsuite hostname="Santosh" failures="0" tests="1" name="ATB6X_LEARNING_SELENIUM.Selenium.SeleniumPractise" time="4.922" errors="0" timestamp="2024-08-18T14:17:03 IST" skipped="0">
  <testcase classname="ATB6X_LEARNING_SELENIUM.Selenium.SeleniumPractise" name="Run" time="4.922"/>
</testsuite> <!-- ATB6X_LEARNING_SELENIUM.Selenium.SeleniumPractise -->
